-------------------------------------------------------------------------------
Test set: com.ikalagaming.gui.console.TestConsole
-------------------------------------------------------------------------------
Tests run: 38, Failures: 37, Errors: 0, Skipped: 0, Time elapsed: 0.156 sec <<< FAILURE!
com.ikalagaming.gui.console.TestConsole.testWindowDeactivated()  Time elapsed: 0 sec  <<< FAILURE!
java.lang.NoClassDefFoundError: org/junit/Assert
	at com.ikalagaming.gui.console.TestConsole.testWindowDeactivated(TestConsole.java:248)
Caused by: java.lang.ClassNotFoundException: org.junit.Assert
	at java.net.URLClassLoader.findClass(URLClassLoader.java:381)
	at java.lang.ClassLoader.loadClass(ClassLoader.java:424)
	at sun.misc.Launcher$AppClassLoader.loadClass(Launcher.java:331)
	at java.lang.ClassLoader.loadClass(ClassLoader.java:357)
	... 19 more

com.ikalagaming.gui.console.TestConsole.testWindowClosed()  Time elapsed: 0.001 sec  <<< FAILURE!
java.lang.NoClassDefFoundError: org/junit/Assert
	at com.ikalagaming.gui.console.TestConsole.testWindowClosed(TestConsole.java:238)

com.ikalagaming.gui.console.TestConsole.testWindowOpened()  Time elapsed: 0 sec  <<< FAILURE!
java.lang.NoClassDefFoundError: org/junit/Assert
	at com.ikalagaming.gui.console.TestConsole.testWindowOpened(TestConsole.java:273)

com.ikalagaming.gui.console.TestConsole.testWindowDeiconified()  Time elapsed: 0 sec  <<< FAILURE!
java.lang.NoClassDefFoundError: org/junit/Assert
	at com.ikalagaming.gui.console.TestConsole.testWindowDeiconified(TestConsole.java:253)

com.ikalagaming.gui.console.TestConsole.testWindowGainedFocus()  Time elapsed: 0 sec  <<< FAILURE!
java.lang.NoClassDefFoundError: org/junit/Assert
	at com.ikalagaming.gui.console.TestConsole.testWindowGainedFocus(TestConsole.java:258)

com.ikalagaming.gui.console.TestConsole.testWindowIconified()  Time elapsed: 0 sec  <<< FAILURE!
java.lang.NoClassDefFoundError: org/junit/Assert
	at com.ikalagaming.gui.console.TestConsole.testWindowIconified(TestConsole.java:263)

com.ikalagaming.gui.console.TestConsole.testWindowLostFocus()  Time elapsed: 0 sec  <<< FAILURE!
java.lang.NoClassDefFoundError: org/junit/Assert
	at com.ikalagaming.gui.console.TestConsole.testWindowLostFocus(TestConsole.java:268)

com.ikalagaming.gui.console.TestConsole.testWindowStateChanged()  Time elapsed: 0 sec  <<< FAILURE!
java.lang.NoClassDefFoundError: org/junit/Assert
	at com.ikalagaming.gui.console.TestConsole.testWindowStateChanged(TestConsole.java:278)

com.ikalagaming.gui.console.TestConsole.testGetName()  Time elapsed: 0 sec  <<< FAILURE!
java.lang.NoClassDefFoundError: org/junit/Assert
	at com.ikalagaming.gui.console.TestConsole.testGetName(TestConsole.java:116)

com.ikalagaming.gui.console.TestConsole.testGetWidth()  Time elapsed: 0 sec  <<< FAILURE!
java.lang.NoClassDefFoundError: org/junit/Assert
	at com.ikalagaming.gui.console.TestConsole.testGetWidth(TestConsole.java:131)

com.ikalagaming.gui.console.TestConsole.testGetListeners()  Time elapsed: 0 sec  <<< FAILURE!
java.lang.NoClassDefFoundError: org/junit/Assert
	at com.ikalagaming.gui.console.TestConsole.testGetListeners(TestConsole.java:106)

com.ikalagaming.gui.console.TestConsole.testIsEnabled()  Time elapsed: 0 sec  <<< FAILURE!
java.lang.NoClassDefFoundError: org/junit/Assert
	at com.ikalagaming.gui.console.TestConsole.testIsEnabled(TestConsole.java:141)

com.ikalagaming.gui.console.TestConsole.testGetVersion()  Time elapsed: 0 sec  <<< FAILURE!
java.lang.NoClassDefFoundError: org/junit/Assert
	at com.ikalagaming.gui.console.TestConsole.testGetVersion(TestConsole.java:126)

com.ikalagaming.gui.console.TestConsole.testOnLogEvent()  Time elapsed: 0 sec  <<< FAILURE!
java.lang.NoClassDefFoundError: org/junit/Assert
	at com.ikalagaming.gui.console.TestConsole.testOnLogEvent(TestConsole.java:171)

com.ikalagaming.gui.console.TestConsole.testOnDisable()  Time elapsed: 0 sec  <<< FAILURE!
java.lang.NoClassDefFoundError: org/junit/Assert
	at com.ikalagaming.gui.console.TestConsole.testOnDisable(TestConsole.java:151)

com.ikalagaming.gui.console.TestConsole.testOnEnable()  Time elapsed: 0 sec  <<< FAILURE!
java.lang.NoClassDefFoundError: org/junit/Assert
	at com.ikalagaming.gui.console.TestConsole.testOnEnable(TestConsole.java:156)

com.ikalagaming.gui.console.TestConsole.testReload()  Time elapsed: 0 sec  <<< FAILURE!
java.lang.NoClassDefFoundError: org/junit/Assert
	at com.ikalagaming.gui.console.TestConsole.testReload(TestConsole.java:186)

com.ikalagaming.gui.console.TestConsole.testSetWidth()  Time elapsed: 0 sec  <<< FAILURE!
java.lang.NoClassDefFoundError: org/junit/Assert
	at com.ikalagaming.gui.console.TestConsole.testSetWidth(TestConsole.java:218)

com.ikalagaming.gui.console.TestConsole.testOnLoad()  Time elapsed: 0.001 sec  <<< FAILURE!
java.lang.NoClassDefFoundError: org/junit/Assert
	at com.ikalagaming.gui.console.TestConsole.testOnLoad(TestConsole.java:161)

com.ikalagaming.gui.console.TestConsole.testSetHeight()  Time elapsed: 0 sec  <<< FAILURE!
java.lang.NullPointerException
	at com.ikalagaming.gui.console.TestConsole.testSetHeight(TestConsole.java:198)

com.ikalagaming.gui.console.TestConsole.testOnUnload()  Time elapsed: 0 sec  <<< FAILURE!
java.lang.NoClassDefFoundError: org/junit/Assert
	at com.ikalagaming.gui.console.TestConsole.testOnUnload(TestConsole.java:181)

com.ikalagaming.gui.console.TestConsole.testDisable()  Time elapsed: 0 sec  <<< FAILURE!
java.lang.NoClassDefFoundError: org/junit/Assert
	at com.ikalagaming.gui.console.TestConsole.testDisable(TestConsole.java:84)

com.ikalagaming.gui.console.TestConsole.testEnable()  Time elapsed: 0.002 sec  <<< FAILURE!
java.lang.NoClassDefFoundError: org/junit/Assert
	at com.ikalagaming.gui.console.TestConsole.testEnable(TestConsole.java:89)

com.ikalagaming.gui.console.TestConsole.testGetHeight()  Time elapsed: 0.001 sec  <<< FAILURE!
java.lang.NullPointerException
	at com.ikalagaming.gui.console.TestConsole.testGetHeight(TestConsole.java:99)

com.ikalagaming.gui.console.TestConsole.testAppendMessage()  Time elapsed: 0.001 sec  <<< FAILURE!
java.lang.NoClassDefFoundError: org/junit/Assert
	at com.ikalagaming.gui.console.TestConsole.testAppendMessage(TestConsole.java:69)

com.ikalagaming.gui.console.TestConsole.testGetMaxLineCount()  Time elapsed: 0 sec  <<< FAILURE!
java.lang.NoClassDefFoundError: org/junit/Assert
	at com.ikalagaming.gui.console.TestConsole.testGetMaxLineCount(TestConsole.java:111)

com.ikalagaming.gui.console.TestConsole.testGetPackageState()  Time elapsed: 0 sec  <<< FAILURE!
java.lang.NoClassDefFoundError: org/junit/Assert
	at com.ikalagaming.gui.console.TestConsole.testGetPackageState(TestConsole.java:121)

com.ikalagaming.gui.console.TestConsole.testGetWindowTitle()  Time elapsed: 0 sec  <<< FAILURE!
java.lang.NoClassDefFoundError: org/junit/Assert
	at com.ikalagaming.gui.console.TestConsole.testGetWindowTitle(TestConsole.java:136)

com.ikalagaming.gui.console.TestConsole.testLostOwnership()  Time elapsed: 0 sec  <<< FAILURE!
java.lang.NoClassDefFoundError: org/junit/Assert
	at com.ikalagaming.gui.console.TestConsole.testLostOwnership(TestConsole.java:146)

com.ikalagaming.gui.console.TestConsole.testOnLogErrorEvent()  Time elapsed: 0 sec  <<< FAILURE!
java.lang.NoClassDefFoundError: org/junit/Assert
	at com.ikalagaming.gui.console.TestConsole.testOnLogErrorEvent(TestConsole.java:166)

com.ikalagaming.gui.console.TestConsole.testOnReportUnknownCommand()  Time elapsed: 0 sec  <<< FAILURE!
java.lang.NoClassDefFoundError: org/junit/Assert
	at com.ikalagaming.gui.console.TestConsole.testOnReportUnknownCommand(TestConsole.java:176)

com.ikalagaming.gui.console.TestConsole.testSetMaxLineCount()  Time elapsed: 0 sec  <<< FAILURE!
java.lang.NoClassDefFoundError: org/junit/Assert
	at com.ikalagaming.gui.console.TestConsole.testSetMaxLineCount(TestConsole.java:208)

com.ikalagaming.gui.console.TestConsole.testSetPackageState()  Time elapsed: 0 sec  <<< FAILURE!
java.lang.NoClassDefFoundError: org/junit/Assert
	at com.ikalagaming.gui.console.TestConsole.testSetPackageState(TestConsole.java:213)

com.ikalagaming.gui.console.TestConsole.testSetWindowTitle()  Time elapsed: 0 sec  <<< FAILURE!
java.lang.NoClassDefFoundError: org/junit/Assert
	at com.ikalagaming.gui.console.TestConsole.testSetWindowTitle(TestConsole.java:223)

com.ikalagaming.gui.console.TestConsole.testWindowActivated()  Time elapsed: 0 sec  <<< FAILURE!
java.lang.NoClassDefFoundError: org/junit/Assert
	at com.ikalagaming.gui.console.TestConsole.testWindowActivated(TestConsole.java:228)

com.ikalagaming.gui.console.TestConsole.testWindowAdapter()  Time elapsed: 0 sec  <<< FAILURE!
java.lang.NoClassDefFoundError: org/junit/Assert
	at com.ikalagaming.gui.console.TestConsole.testWindowAdapter(TestConsole.java:233)

com.ikalagaming.gui.console.TestConsole.testWindowClosing()  Time elapsed: 0 sec  <<< FAILURE!
java.lang.NoClassDefFoundError: org/junit/Assert
	at com.ikalagaming.gui.console.TestConsole.testWindowClosing(TestConsole.java:243)

