<?xml version="1.0" encoding="UTF-8" ?>
<testsuite tests="38" failures="37" name="com.ikalagaming.gui.console.TestConsole" time="0.154" errors="0" skipped="0">
  <properties>
[...]
</properties>
  <testcase classname="com.ikalagaming.gui.console.TestConsole" name="com.ikalagaming.gui.console.TestConsole.testWindowDeactivated" time="0">
    <failure message="org/junit/Assert" type="java.lang.NoClassDefFoundError">java.lang.NoClassDefFoundError: org/junit/Assert
	at com.ikalagaming.gui.console.TestConsole.testWindowDeactivated(TestConsole.java:248)
Caused by: java.lang.ClassNotFoundException: org.junit.Assert
	at java.net.URLClassLoader.findClass(URLClassLoader.java:381)
	at java.lang.ClassLoader.loadClass(ClassLoader.java:424)
	at sun.misc.Launcher$AppClassLoader.loadClass(Launcher.java:331)
	at java.lang.ClassLoader.loadClass(ClassLoader.java:357)
	... 19 more
</failure>
  </testcase>
  <testcase classname="com.ikalagaming.gui.console.TestConsole" name="com.ikalagaming.gui.console.TestConsole.testWindowClosed" time="0.001">
    <failure message="org/junit/Assert" type="java.lang.NoClassDefFoundError">java.lang.NoClassDefFoundError: org/junit/Assert
	at com.ikalagaming.gui.console.TestConsole.testWindowClosed(TestConsole.java:238)
</failure>
  </testcase>
  <testcase classname="com.ikalagaming.gui.console.TestConsole" name="com.ikalagaming.gui.console.TestConsole.testWindowOpened" time="0">
    <failure message="org/junit/Assert" type="java.lang.NoClassDefFoundError">java.lang.NoClassDefFoundError: org/junit/Assert
	at com.ikalagaming.gui.console.TestConsole.testWindowOpened(TestConsole.java:273)
</failure>
  </testcase>
  <testcase classname="com.ikalagaming.gui.console.TestConsole" name="com.ikalagaming.gui.console.TestConsole.testWindowDeiconified" time="0">
    <failure message="org/junit/Assert" type="java.lang.NoClassDefFoundError">java.lang.NoClassDefFoundError: org/junit/Assert
	at com.ikalagaming.gui.console.TestConsole.testWindowDeiconified(TestConsole.java:253)
</failure>
  </testcase>
  <testcase classname="com.ikalagaming.gui.console.TestConsole" name="com.ikalagaming.gui.console.TestConsole.testWindowGainedFocus" time="0">
    <failure message="org/junit/Assert" type="java.lang.NoClassDefFoundError">java.lang.NoClassDefFoundError: org/junit/Assert
	at com.ikalagaming.gui.console.TestConsole.testWindowGainedFocus(TestConsole.java:258)
</failure>
  </testcase>
  <testcase classname="com.ikalagaming.gui.console.TestConsole" name="com.ikalagaming.gui.console.TestConsole.testWindowIconified" time="0">
    <failure message="org/junit/Assert" type="java.lang.NoClassDefFoundError">java.lang.NoClassDefFoundError: org/junit/Assert
	at com.ikalagaming.gui.console.TestConsole.testWindowIconified(TestConsole.java:263)
</failure>
  </testcase>
  <testcase classname="com.ikalagaming.gui.console.TestConsole" name="com.ikalagaming.gui.console.TestConsole.testWindowLostFocus" time="0">
    <failure message="org/junit/Assert" type="java.lang.NoClassDefFoundError">java.lang.NoClassDefFoundError: org/junit/Assert
	at com.ikalagaming.gui.console.TestConsole.testWindowLostFocus(TestConsole.java:268)
</failure>
  </testcase>
  <testcase classname="com.ikalagaming.gui.console.TestConsole" name="com.ikalagaming.gui.console.TestConsole.testWindowStateChanged" time="0">
    <failure message="org/junit/Assert" type="java.lang.NoClassDefFoundError">java.lang.NoClassDefFoundError: org/junit/Assert
	at com.ikalagaming.gui.console.TestConsole.testWindowStateChanged(TestConsole.java:278)
</failure>
  </testcase>
  <testcase classname="com.ikalagaming.gui.console.TestConsole" name="com.ikalagaming.gui.console.TestConsole.testGetName" time="0">
    <failure message="org/junit/Assert" type="java.lang.NoClassDefFoundError">java.lang.NoClassDefFoundError: org/junit/Assert
	at com.ikalagaming.gui.console.TestConsole.testGetName(TestConsole.java:116)
</failure>
  </testcase>
  <testcase classname="com.ikalagaming.gui.console.TestConsole" name="com.ikalagaming.gui.console.TestConsole.testGetWidth" time="0">
    <failure message="org/junit/Assert" type="java.lang.NoClassDefFoundError">java.lang.NoClassDefFoundError: org/junit/Assert
	at com.ikalagaming.gui.console.TestConsole.testGetWidth(TestConsole.java:131)
</failure>
  </testcase>
  <testcase classname="com.ikalagaming.gui.console.TestConsole" name="com.ikalagaming.gui.console.TestConsole.testGetListeners" time="0">
    <failure message="org/junit/Assert" type="java.lang.NoClassDefFoundError">java.lang.NoClassDefFoundError: org/junit/Assert
	at com.ikalagaming.gui.console.TestConsole.testGetListeners(TestConsole.java:106)
</failure>
  </testcase>
  <testcase classname="com.ikalagaming.gui.console.TestConsole" name="com.ikalagaming.gui.console.TestConsole.testIsEnabled" time="0">
    <failure message="org/junit/Assert" type="java.lang.NoClassDefFoundError">java.lang.NoClassDefFoundError: org/junit/Assert
	at com.ikalagaming.gui.console.TestConsole.testIsEnabled(TestConsole.java:141)
</failure>
  </testcase>
  <testcase classname="com.ikalagaming.gui.console.TestConsole" name="com.ikalagaming.gui.console.TestConsole.testGetVersion" time="0">
    <failure message="org/junit/Assert" type="java.lang.NoClassDefFoundError">java.lang.NoClassDefFoundError: org/junit/Assert
	at com.ikalagaming.gui.console.TestConsole.testGetVersion(TestConsole.java:126)
</failure>
  </testcase>
  <testcase classname="com.ikalagaming.gui.console.TestConsole" name="com.ikalagaming.gui.console.TestConsole.testOnLogEvent" time="0">
    <failure message="org/junit/Assert" type="java.lang.NoClassDefFoundError">java.lang.NoClassDefFoundError: org/junit/Assert
	at com.ikalagaming.gui.console.TestConsole.testOnLogEvent(TestConsole.java:171)
</failure>
  </testcase>
  <testcase classname="com.ikalagaming.gui.console.TestConsole" name="com.ikalagaming.gui.console.TestConsole.testOnDisable" time="0">
    <failure message="org/junit/Assert" type="java.lang.NoClassDefFoundError">java.lang.NoClassDefFoundError: org/junit/Assert
	at com.ikalagaming.gui.console.TestConsole.testOnDisable(TestConsole.java:151)
</failure>
  </testcase>
  <testcase classname="com.ikalagaming.gui.console.TestConsole" name="com.ikalagaming.gui.console.TestConsole.testOnEnable" time="0">
    <failure message="org/junit/Assert" type="java.lang.NoClassDefFoundError">java.lang.NoClassDefFoundError: org/junit/Assert
	at com.ikalagaming.gui.console.TestConsole.testOnEnable(TestConsole.java:156)
</failure>
  </testcase>
  <testcase classname="com.ikalagaming.gui.console.TestConsole" name="com.ikalagaming.gui.console.TestConsole.testReload" time="0">
    <failure message="org/junit/Assert" type="java.lang.NoClassDefFoundError">java.lang.NoClassDefFoundError: org/junit/Assert
	at com.ikalagaming.gui.console.TestConsole.testReload(TestConsole.java:186)
</failure>
  </testcase>
  <testcase classname="com.ikalagaming.gui.console.TestConsole" name="com.ikalagaming.gui.console.TestConsole.testSetWidth" time="0">
    <failure message="org/junit/Assert" type="java.lang.NoClassDefFoundError">java.lang.NoClassDefFoundError: org/junit/Assert
	at com.ikalagaming.gui.console.TestConsole.testSetWidth(TestConsole.java:218)
</failure>
  </testcase>
  <testcase classname="com.ikalagaming.gui.console.TestConsole" name="com.ikalagaming.gui.console.TestConsole.testOnLoad" time="0.001">
    <failure message="org/junit/Assert" type="java.lang.NoClassDefFoundError">java.lang.NoClassDefFoundError: org/junit/Assert
	at com.ikalagaming.gui.console.TestConsole.testOnLoad(TestConsole.java:161)
</failure>
  </testcase>
  <testcase classname="com.ikalagaming.gui.console.TestConsole" name="com.ikalagaming.gui.console.TestConsole.testSetHeight" time="0">
    <failure type="java.lang.NullPointerException">java.lang.NullPointerException
	at com.ikalagaming.gui.console.TestConsole.testSetHeight(TestConsole.java:198)
</failure>
  </testcase>
  <testcase classname="com.ikalagaming.gui.console.TestConsole" name="com.ikalagaming.gui.console.TestConsole.testOnUnload" time="0">
    <failure message="org/junit/Assert" type="java.lang.NoClassDefFoundError">java.lang.NoClassDefFoundError: org/junit/Assert
	at com.ikalagaming.gui.console.TestConsole.testOnUnload(TestConsole.java:181)
</failure>
  </testcase>
  <testcase classname="com.ikalagaming.gui.console.TestConsole" name="com.ikalagaming.gui.console.TestConsole.testConsole" time="0.148"/>
  <testcase classname="com.ikalagaming.gui.console.TestConsole" name="com.ikalagaming.gui.console.TestConsole.testDisable" time="0">
    <failure message="org/junit/Assert" type="java.lang.NoClassDefFoundError">java.lang.NoClassDefFoundError: org/junit/Assert
	at com.ikalagaming.gui.console.TestConsole.testDisable(TestConsole.java:84)
</failure>
  </testcase>
  <testcase classname="com.ikalagaming.gui.console.TestConsole" name="com.ikalagaming.gui.console.TestConsole.testEnable" time="0.002">
    <failure message="org/junit/Assert" type="java.lang.NoClassDefFoundError">java.lang.NoClassDefFoundError: org/junit/Assert
	at com.ikalagaming.gui.console.TestConsole.testEnable(TestConsole.java:89)
</failure>
  </testcase>
  <testcase classname="com.ikalagaming.gui.console.TestConsole" name="com.ikalagaming.gui.console.TestConsole.testGetHeight" time="0.001">
    <failure type="java.lang.NullPointerException">java.lang.NullPointerException
	at com.ikalagaming.gui.console.TestConsole.testGetHeight(TestConsole.java:99)
</failure>
  </testcase>
  <testcase classname="com.ikalagaming.gui.console.TestConsole" name="com.ikalagaming.gui.console.TestConsole.testAppendMessage" time="0.001">
    <failure message="org/junit/Assert" type="java.lang.NoClassDefFoundError">java.lang.NoClassDefFoundError: org/junit/Assert
	at com.ikalagaming.gui.console.TestConsole.testAppendMessage(TestConsole.java:69)
</failure>
  </testcase>
  <testcase classname="com.ikalagaming.gui.console.TestConsole" name="com.ikalagaming.gui.console.TestConsole.testGetMaxLineCount" time="0">
    <failure message="org/junit/Assert" type="java.lang.NoClassDefFoundError">java.lang.NoClassDefFoundError: org/junit/Assert
	at com.ikalagaming.gui.console.TestConsole.testGetMaxLineCount(TestConsole.java:111)
</failure>
  </testcase>
  <testcase classname="com.ikalagaming.gui.console.TestConsole" name="com.ikalagaming.gui.console.TestConsole.testGetPackageState" time="0">
    <failure message="org/junit/Assert" type="java.lang.NoClassDefFoundError">java.lang.NoClassDefFoundError: org/junit/Assert
	at com.ikalagaming.gui.console.TestConsole.testGetPackageState(TestConsole.java:121)
</failure>
  </testcase>
  <testcase classname="com.ikalagaming.gui.console.TestConsole" name="com.ikalagaming.gui.console.TestConsole.testGetWindowTitle" time="0">
    <failure message="org/junit/Assert" type="java.lang.NoClassDefFoundError">java.lang.NoClassDefFoundError: org/junit/Assert
	at com.ikalagaming.gui.console.TestConsole.testGetWindowTitle(TestConsole.java:136)
</failure>
  </testcase>
  <testcase classname="com.ikalagaming.gui.console.TestConsole" name="com.ikalagaming.gui.console.TestConsole.testLostOwnership" time="0">
    <failure message="org/junit/Assert" type="java.lang.NoClassDefFoundError">java.lang.NoClassDefFoundError: org/junit/Assert
	at com.ikalagaming.gui.console.TestConsole.testLostOwnership(TestConsole.java:146)
</failure>
  </testcase>
  <testcase classname="com.ikalagaming.gui.console.TestConsole" name="com.ikalagaming.gui.console.TestConsole.testOnLogErrorEvent" time="0">
    <failure message="org/junit/Assert" type="java.lang.NoClassDefFoundError">java.lang.NoClassDefFoundError: org/junit/Assert
	at com.ikalagaming.gui.console.TestConsole.testOnLogErrorEvent(TestConsole.java:166)
</failure>
  </testcase>
  <testcase classname="com.ikalagaming.gui.console.TestConsole" name="com.ikalagaming.gui.console.TestConsole.testOnReportUnknownCommand" time="0">
    <failure message="org/junit/Assert" type="java.lang.NoClassDefFoundError">java.lang.NoClassDefFoundError: org/junit/Assert
	at com.ikalagaming.gui.console.TestConsole.testOnReportUnknownCommand(TestConsole.java:176)
</failure>
  </testcase>
  <testcase classname="com.ikalagaming.gui.console.TestConsole" name="com.ikalagaming.gui.console.TestConsole.testSetMaxLineCount" time="0">
    <failure message="org/junit/Assert" type="java.lang.NoClassDefFoundError">java.lang.NoClassDefFoundError: org/junit/Assert
	at com.ikalagaming.gui.console.TestConsole.testSetMaxLineCount(TestConsole.java:208)
</failure>
  </testcase>
  <testcase classname="com.ikalagaming.gui.console.TestConsole" name="com.ikalagaming.gui.console.TestConsole.testSetPackageState" time="0">
    <failure message="org/junit/Assert" type="java.lang.NoClassDefFoundError">java.lang.NoClassDefFoundError: org/junit/Assert
	at com.ikalagaming.gui.console.TestConsole.testSetPackageState(TestConsole.java:213)
</failure>
  </testcase>
  <testcase classname="com.ikalagaming.gui.console.TestConsole" name="com.ikalagaming.gui.console.TestConsole.testSetWindowTitle" time="0">
    <failure message="org/junit/Assert" type="java.lang.NoClassDefFoundError">java.lang.NoClassDefFoundError: org/junit/Assert
	at com.ikalagaming.gui.console.TestConsole.testSetWindowTitle(TestConsole.java:223)
</failure>
  </testcase>
  <testcase classname="com.ikalagaming.gui.console.TestConsole" name="com.ikalagaming.gui.console.TestConsole.testWindowActivated" time="0">
    <failure message="org/junit/Assert" type="java.lang.NoClassDefFoundError">java.lang.NoClassDefFoundError: org/junit/Assert
	at com.ikalagaming.gui.console.TestConsole.testWindowActivated(TestConsole.java:228)
</failure>
  </testcase>
  <testcase classname="com.ikalagaming.gui.console.TestConsole" name="com.ikalagaming.gui.console.TestConsole.testWindowAdapter" time="0">
    <failure message="org/junit/Assert" type="java.lang.NoClassDefFoundError">java.lang.NoClassDefFoundError: org/junit/Assert
	at com.ikalagaming.gui.console.TestConsole.testWindowAdapter(TestConsole.java:233)
</failure>
  </testcase>
  <testcase classname="com.ikalagaming.gui.console.TestConsole" name="com.ikalagaming.gui.console.TestConsole.testWindowClosing" time="0">
    <failure message="org/junit/Assert" type="java.lang.NoClassDefFoundError">java.lang.NoClassDefFoundError: org/junit/Assert
	at com.ikalagaming.gui.console.TestConsole.testWindowClosing(TestConsole.java:243)
</failure>
  </testcase>
</testsuite>